<?xml version="1.0" encoding="UTF-8"?>
<!-- Generated by org.testng.reporters.JUnitReportReporter -->
<testsuite hostname="DESKTOP-UMGRVA8" failures="0" tests="6" name="pratice.invocationcount" time="0.034" errors="0" timestamp="2025-04-08T12:02:02 IST" skipped="0">
  <testcase classname="pratice.invocationcount" name="eat" time="0.006"/>
  <testcase classname="pratice.invocationcount" name="play" time="0.004"/>
  <testcase classname="pratice.invocationcount" name="study" time="0.003"/>
  <testcase classname="pratice.invocationcount" name="study" time="0.003"/>
  <testcase classname="pratice.invocationcount" name="eat" time="0.014"/>
  <testcase classname="pratice.invocationcount" name="play" time="0.004"/>
</testsuite> <!-- pratice.invocationcount -->
