<?xml version="1.0" encoding="UTF-8"?>
<!-- Generated by org.testng.reporters.JUnitReportReporter -->
<testsuite hostname="DESKTOP-UMGRVA8" failures="0" tests="3" name="pratice.SimpleLoginTest" time="0.022" errors="0" timestamp="2025-04-10T10:49:36 IST" skipped="0">
  <testcase classname="pratice.SimpleLoginTest" name="testLogin" time="0.003"/>
  <testcase classname="pratice.SimpleLoginTest" name="testLogin" time="0.014"/>
  <testcase classname="pratice.SimpleLoginTest" name="testLogin" time="0.005"/>
</testsuite> <!-- pratice.SimpleLoginTest -->
