<?xml version="1.0" encoding="UTF-8"?>
<!-- Generated by org.testng.reporters.JUnitReportReporter -->
<testsuite hostname="DESKTOP-UMGRVA8" failures="0" tests="3" name="pratice.DependsonMethods" time="0.020" errors="0" timestamp="2025-04-08T12:14:51 IST" skipped="0">
  <testcase classname="pratice.DependsonMethods" name="eat" time="0.014"/>
  <testcase classname="pratice.DependsonMethods" name="play" time="0.004"/>
  <testcase classname="pratice.DependsonMethods" name="study" time="0.002"/>
</testsuite> <!-- pratice.DependsonMethods -->
