<?xml version="1.0" encoding="UTF-8"?>
<!-- Generated by org.testng.reporters.JUnitReportReporter -->
<testsuite hostname="DESKTOP-UMGRVA8" failures="0" tests="2" name="pratice.CreateOrgWithDataProvider" time="39.691" errors="0" timestamp="2025-04-10T12:54:46 IST" skipped="0">
  <testcase classname="pratice.CreateOrgWithDataProvider" name="createOrganisationTest" time="18.864"/>
  <testcase classname="pratice.CreateOrgWithDataProvider" name="createOrganisationTest" time="20.827"/>
</testsuite> <!-- pratice.CreateOrgWithDataProvider -->
