<?xml version="1.0" encoding="UTF-8"?>
<!-- Generated by org.testng.reporters.JUnitReportReporter -->
<testsuite hostname="DESKTOP-UMGRVA8" failures="0" tests="1" name="Campaign.CreateCampaignwithProduct" time="37.116" errors="0" timestamp="2025-04-11T17:51:31 IST" skipped="0">
  <testcase classname="Campaign.CreateCampaignwithProduct" name="createCampaignwithProduct" time="37.116"/>
</testsuite> <!-- Campaign.CreateCampaignwithProduct -->
