<?xml version="1.0" encoding="UTF-8"?>
<!-- Generated by org.testng.reporters.JUnitReportReporter -->
<testsuite hostname="DESKTOP-UMGRVA8" failures="0" tests="1" name="Organisation.CreateOrganisationTest" time="17.952" errors="0" timestamp="2025-04-11T17:51:31 IST" skipped="0">
  <testcase classname="Organisation.CreateOrganisationTest" name="createOrganisationTest" time="17.952"/>
</testsuite> <!-- Organisation.CreateOrganisationTest -->
