<?xml version="1.0" encoding="UTF-8"?>
<!-- Generated by org.testng.reporters.JUnitReportReporter -->
<testsuite hostname="DESKTOP-UMGRVA8" failures="0" tests="1" name="Product.CreateProductWithDeleteVerification" time="25.998" errors="0" timestamp="2025-04-07T18:42:32 IST" skipped="0">
  <testcase classname="Product.CreateProductWithDeleteVerification" name="CreateProductWithDeleteVerification" time="25.998"/>
</testsuite> <!-- Product.CreateProductWithDeleteVerification -->
