<?xml version="1.0" encoding="UTF-8"?>
<!-- Generated by org.testng.reporters.JUnitReportReporter -->
<testsuite hostname="DESKTOP-UMGRVA8" failures="0" tests="3" name="pratice.DataProviderex" time="0.029" errors="0" timestamp="2025-04-10T12:11:54 IST" skipped="0">
  <testcase classname="pratice.DataProviderex" name="Registration" time="0.004"/>
  <testcase classname="pratice.DataProviderex" name="Registration" time="0.005"/>
  <testcase classname="pratice.DataProviderex" name="Registration" time="0.020"/>
</testsuite> <!-- pratice.DataProviderex -->
