<?xml version="1.0" encoding="UTF-8"?>
<!-- Generated by org.testng.reporters.JUnitReportReporter -->
<testsuite hostname="DESKTOP-UMGRVA8" failures="0" tests="3" name="pratice.DataProviderWithExcelMultipledata$DataProviderEx2" time="0.023" errors="0" timestamp="2025-04-10T14:01:08 IST" skipped="0">
  <testcase classname="pratice.DataProviderWithExcelMultipledata$DataProviderEx2" name="bookTicket" time="0.008"/>
  <testcase classname="pratice.DataProviderWithExcelMultipledata$DataProviderEx2" name="bookTicket" time="0.013"/>
  <testcase classname="pratice.DataProviderWithExcelMultipledata$DataProviderEx2" name="bookTicket" time="0.002"/>
</testsuite> <!-- pratice.DataProviderWithExcelMultipledata$DataProviderEx2 -->
