<?xml version="1.0" encoding="UTF-8"?>
<!-- Generated by org.testng.reporters.JUnitReportReporter -->
<testsuite hostname="DESKTOP-UMGRVA8" failures="0" tests="1" name="pratice.HardAsserts" time="0.015" errors="0" timestamp="2025-04-10T15:24:05 IST" skipped="0">
  <testcase classname="pratice.HardAsserts" name="m1" time="0.015"/>
</testsuite> <!-- pratice.HardAsserts -->
