<?xml version="1.0" encoding="UTF-8"?>
<!-- Generated by org.testng.reporters.JUnitReportReporter -->
<testsuite hostname="DESKTOP-UMGRVA8" failures="0" tests="1" name="Pratice" time="0.021" errors="0" timestamp="2025-04-07T18:38:23 IST" skipped="0">
  <testcase classname="Pratice" name="praticeTest" time="0.021"/>
</testsuite> <!-- Pratice -->
